2023-02-06 11:31:08.209  INFO 12768 --- [restartedMain] c.c.o.OnlinePlantApp1Application         : Starting OnlinePlantApp1Application using Java 17.0.5 on INLEN8520069524 with PID 12768 (C:\MySpringBootWork\OnlinePlantApp-1\bin\main started by swejayar in C:\MySpringBootWork\OnlinePlantApp-1)
2023-02-06 11:31:08.227  INFO 12768 --- [restartedMain] c.c.o.OnlinePlantApp1Application         : No active profile set, falling back to 1 default profile: "default"
2023-02-06 11:31:09.964  INFO 12768 --- [restartedMain] o.apache.catalina.core.StandardService   : Starting service [Tomcat]
2023-02-06 11:31:09.965  INFO 12768 --- [restartedMain] org.apache.catalina.core.StandardEngine  : Starting Servlet engine: [Apache Tomcat/9.0.71]
2023-02-06 11:31:10.072  INFO 12768 --- [restartedMain] o.a.c.c.C.[Tomcat].[localhost].[/]       : Initializing Spring embedded WebApplicationContext
2023-02-06 11:31:10.381  INFO 12768 --- [restartedMain] o.hibernate.jpa.internal.util.LogHelper  : HHH000204: Processing PersistenceUnitInfo [name: default]
2023-02-06 11:31:10.457  INFO 12768 --- [restartedMain] org.hibernate.Version                    : HHH000412: Hibernate ORM core version 5.6.14.Final
2023-02-06 11:31:10.655  INFO 12768 --- [restartedMain] o.hibernate.annotations.common.Version   : HCANN000001: Hibernate Commons Annotations {5.1.2.Final}
2023-02-06 11:31:10.778  INFO 12768 --- [restartedMain] com.zaxxer.hikari.HikariDataSource       : HikariPool-1 - Starting...
2023-02-06 11:31:10.979  INFO 12768 --- [restartedMain] com.zaxxer.hikari.HikariDataSource       : HikariPool-1 - Start completed.
2023-02-06 11:31:10.999  INFO 12768 --- [restartedMain] org.hibernate.dialect.Dialect            : HHH000400: Using dialect: org.hibernate.dialect.PostgreSQLDialect
2023-02-06 11:31:11.634  INFO 12768 --- [restartedMain] o.h.e.t.j.p.i.JtaPlatformInitiator       : HHH000490: Using JtaPlatform implementation: [org.hibernate.engine.transaction.jta.platform.internal.NoJtaPlatform]
2023-02-06 11:31:12.092  WARN 12768 --- [restartedMain] JpaBaseConfiguration$JpaWebConfiguration : spring.jpa.open-in-view is enabled by default. Therefore, database queries may be performed during view rendering. Explicitly configure spring.jpa.open-in-view to disable this warning
2023-02-06 11:31:12.564  INFO 12768 --- [restartedMain] c.c.o.OnlinePlantApp1Application         : Started OnlinePlantApp1Application in 5.083 seconds (JVM running for 5.877)
2023-02-06 11:31:18.912  INFO 12768 --- [http-nio-6001-exec-2] o.a.c.c.C.[Tomcat].[localhost].[/]       : Initializing Spring DispatcherServlet 'dispatcherServlet'
2023-02-06 11:40:00.687  WARN 12768 --- [http-nio-6001-exec-6] .w.s.m.s.DefaultHandlerExceptionResolver : Resolved [org.springframework.web.bind.MissingPathVariableException: Required URI template variable 'seedId' for method parameter type Seed is not present]
2023-02-06 11:40:30.472  WARN 12768 --- [http-nio-6001-exec-7] .w.s.m.s.DefaultHandlerExceptionResolver : Resolved [org.springframework.web.bind.MissingPathVariableException: Required URI template variable 'seedId' for method parameter type Seed is not present]
2023-02-06 11:40:37.801  WARN 12768 --- [http-nio-6001-exec-10] .w.s.m.s.DefaultHandlerExceptionResolver : Resolved [org.springframework.web.HttpRequestMethodNotSupportedException: Request method 'DELETE' not supported]
2023-02-06 11:41:24.398  WARN 12768 --- [http-nio-6001-exec-2] .w.s.m.s.DefaultHandlerExceptionResolver : Resolved [org.springframework.web.bind.MissingPathVariableException: Required URI template variable 'Name' for method parameter type String is not present]
2023-02-06 11:43:01.133  WARN 12768 --- [http-nio-6001-exec-6] .w.s.m.s.DefaultHandlerExceptionResolver : Resolved [org.springframework.web.HttpRequestMethodNotSupportedException: Request method 'PUT' not supported]
2023-02-06 11:43:07.595  WARN 12768 --- [http-nio-6001-exec-8] .w.s.m.s.DefaultHandlerExceptionResolver : Resolved [org.springframework.web.HttpRequestMethodNotSupportedException: Request method 'PUT' not supported]
2023-02-06 11:45:18.870  INFO 2968 --- [restartedMain] c.c.o.OnlinePlantApp1Application         : Starting OnlinePlantApp1Application using Java 17.0.5 on INLEN8520069524 with PID 2968 (C:\MySpringBootWork\OnlinePlantApp-1\bin\main started by swejayar in C:\MySpringBootWork\OnlinePlantApp-1)
2023-02-06 11:45:18.871  INFO 2968 --- [restartedMain] c.c.o.OnlinePlantApp1Application         : No active profile set, falling back to 1 default profile: "default"
2023-02-06 11:45:20.141  INFO 2968 --- [restartedMain] o.apache.catalina.core.StandardService   : Starting service [Tomcat]
2023-02-06 11:45:20.142  INFO 2968 --- [restartedMain] org.apache.catalina.core.StandardEngine  : Starting Servlet engine: [Apache Tomcat/9.0.71]
2023-02-06 11:45:20.211  INFO 2968 --- [restartedMain] o.a.c.c.C.[Tomcat].[localhost].[/]       : Initializing Spring embedded WebApplicationContext
2023-02-06 11:45:20.413  INFO 2968 --- [restartedMain] o.hibernate.jpa.internal.util.LogHelper  : HHH000204: Processing PersistenceUnitInfo [name: default]
2023-02-06 11:45:20.445  INFO 2968 --- [restartedMain] org.hibernate.Version                    : HHH000412: Hibernate ORM core version 5.6.14.Final
2023-02-06 11:45:20.607  INFO 2968 --- [restartedMain] o.hibernate.annotations.common.Version   : HCANN000001: Hibernate Commons Annotations {5.1.2.Final}
2023-02-06 11:45:20.681  INFO 2968 --- [restartedMain] com.zaxxer.hikari.HikariDataSource       : HikariPool-1 - Starting...
2023-02-06 11:45:20.880  INFO 2968 --- [restartedMain] com.zaxxer.hikari.HikariDataSource       : HikariPool-1 - Start completed.
2023-02-06 11:45:20.892  INFO 2968 --- [restartedMain] org.hibernate.dialect.Dialect            : HHH000400: Using dialect: org.hibernate.dialect.PostgreSQLDialect
2023-02-06 11:45:21.410  INFO 2968 --- [restartedMain] o.h.e.t.j.p.i.JtaPlatformInitiator       : HHH000490: Using JtaPlatform implementation: [org.hibernate.engine.transaction.jta.platform.internal.NoJtaPlatform]
2023-02-06 11:45:21.902  WARN 2968 --- [restartedMain] JpaBaseConfiguration$JpaWebConfiguration : spring.jpa.open-in-view is enabled by default. Therefore, database queries may be performed during view rendering. Explicitly configure spring.jpa.open-in-view to disable this warning
2023-02-06 11:45:22.401  INFO 2968 --- [restartedMain] c.c.o.OnlinePlantApp1Application         : Started OnlinePlantApp1Application in 3.933 seconds (JVM running for 4.472)
2023-02-06 11:45:27.905  INFO 2968 --- [http-nio-6001-exec-2] o.a.c.c.C.[Tomcat].[localhost].[/]       : Initializing Spring DispatcherServlet 'dispatcherServlet'
2023-02-06 11:45:28.064  WARN 2968 --- [http-nio-6001-exec-2] .m.m.a.ExceptionHandlerExceptionResolver : Resolved [com.cg.onlineplantnursery.exception.SeedIdNotFoundException: No Seed id found]
2023-02-06 12:13:09.037  WARN 2968 --- [http-nio-6001-exec-5] .w.s.m.s.DefaultHandlerExceptionResolver : Resolved [org.springframework.web.bind.MissingPathVariableException: Required URI template variable 'Name' for method parameter type String is not present]
2023-02-06 12:14:08.555  WARN 2968 --- [http-nio-6001-exec-6] .w.s.m.s.DefaultHandlerExceptionResolver : Resolved [org.springframework.web.bind.MissingPathVariableException: Required URI template variable 'Name' for method parameter type String is not present]
2023-02-06 12:15:13.867  WARN 2968 --- [http-nio-6001-exec-8] .w.s.m.s.DefaultHandlerExceptionResolver : Resolved [org.springframework.web.bind.MissingPathVariableException: Required URI template variable 'typeOfSeeds' for method parameter type String is not present]
2023-02-06 12:15:22.127  WARN 2968 --- [http-nio-6001-exec-1] .w.s.m.s.DefaultHandlerExceptionResolver : Resolved [org.springframework.web.bind.MissingPathVariableException: Required URI template variable 'typeOfSeeds' for method parameter type String is not present]
2023-02-06 12:17:02.219  WARN 2968 --- [http-nio-6001-exec-3] .w.s.m.s.DefaultHandlerExceptionResolver : Resolved [org.springframework.web.bind.MissingPathVariableException: Required URI template variable 'Name' for method parameter type String is not present]
2023-02-06 12:20:41.065  WARN 2968 --- [http-nio-6001-exec-8] .w.s.m.s.DefaultHandlerExceptionResolver : Resolved [org.springframework.web.bind.MissingPathVariableException: Required URI template variable 'Name' for method parameter type String is not present]
2023-02-06 12:21:02.842  WARN 2968 --- [http-nio-6001-exec-1] .w.s.m.s.DefaultHandlerExceptionResolver : Resolved [org.springframework.web.bind.MissingPathVariableException: Required URI template variable 'Name' for method parameter type String is not present]
2023-02-06 12:24:39.488  INFO 7532 --- [restartedMain] c.c.o.OnlinePlantApp1Application         : Starting OnlinePlantApp1Application using Java 17.0.5 on INLEN8520069524 with PID 7532 (C:\MySpringBootWork\OnlinePlantApp-1\bin\main started by swejayar in C:\MySpringBootWork\OnlinePlantApp-1)
2023-02-06 12:24:39.489  INFO 7532 --- [restartedMain] c.c.o.OnlinePlantApp1Application         : No active profile set, falling back to 1 default profile: "default"
2023-02-06 12:24:40.763  INFO 7532 --- [restartedMain] o.apache.catalina.core.StandardService   : Starting service [Tomcat]
2023-02-06 12:24:40.764  INFO 7532 --- [restartedMain] org.apache.catalina.core.StandardEngine  : Starting Servlet engine: [Apache Tomcat/9.0.71]
2023-02-06 12:24:40.843  INFO 7532 --- [restartedMain] o.a.c.c.C.[Tomcat].[localhost].[/]       : Initializing Spring embedded WebApplicationContext
2023-02-06 12:24:41.084  INFO 7532 --- [restartedMain] o.hibernate.jpa.internal.util.LogHelper  : HHH000204: Processing PersistenceUnitInfo [name: default]
2023-02-06 12:24:41.127  INFO 7532 --- [restartedMain] org.hibernate.Version                    : HHH000412: Hibernate ORM core version 5.6.14.Final
2023-02-06 12:24:41.274  INFO 7532 --- [restartedMain] o.hibernate.annotations.common.Version   : HCANN000001: Hibernate Commons Annotations {5.1.2.Final}
2023-02-06 12:24:41.359  INFO 7532 --- [restartedMain] com.zaxxer.hikari.HikariDataSource       : HikariPool-1 - Starting...
2023-02-06 12:24:41.601  INFO 7532 --- [restartedMain] com.zaxxer.hikari.HikariDataSource       : HikariPool-1 - Start completed.
2023-02-06 12:24:41.617  INFO 7532 --- [restartedMain] org.hibernate.dialect.Dialect            : HHH000400: Using dialect: org.hibernate.dialect.PostgreSQLDialect
2023-02-06 12:24:42.157  INFO 7532 --- [restartedMain] o.h.e.t.j.p.i.JtaPlatformInitiator       : HHH000490: Using JtaPlatform implementation: [org.hibernate.engine.transaction.jta.platform.internal.NoJtaPlatform]
2023-02-06 12:24:42.606  WARN 7532 --- [restartedMain] JpaBaseConfiguration$JpaWebConfiguration : spring.jpa.open-in-view is enabled by default. Therefore, database queries may be performed during view rendering. Explicitly configure spring.jpa.open-in-view to disable this warning
2023-02-06 12:24:43.031  INFO 7532 --- [restartedMain] c.c.o.OnlinePlantApp1Application         : Started OnlinePlantApp1Application in 3.914 seconds (JVM running for 4.521)
2023-02-06 12:24:49.500  INFO 7532 --- [http-nio-6001-exec-2] o.a.c.c.C.[Tomcat].[localhost].[/]       : Initializing Spring DispatcherServlet 'dispatcherServlet'
2023-02-06 12:25:04.079  INFO 16488 --- [restartedMain] c.c.o.OnlinePlantApp1Application         : Starting OnlinePlantApp1Application using Java 17.0.5 on INLEN8520069524 with PID 16488 (C:\MySpringBootWork\OnlinePlantApp-1\bin\main started by swejayar in C:\MySpringBootWork\OnlinePlantApp-1)
2023-02-06 12:25:04.081  INFO 16488 --- [restartedMain] c.c.o.OnlinePlantApp1Application         : No active profile set, falling back to 1 default profile: "default"
2023-02-06 12:25:05.381  INFO 16488 --- [restartedMain] o.apache.catalina.core.StandardService   : Starting service [Tomcat]
2023-02-06 12:25:05.382  INFO 16488 --- [restartedMain] org.apache.catalina.core.StandardEngine  : Starting Servlet engine: [Apache Tomcat/9.0.71]
2023-02-06 12:25:05.445  INFO 16488 --- [restartedMain] o.a.c.c.C.[Tomcat].[localhost].[/]       : Initializing Spring embedded WebApplicationContext
2023-02-06 12:25:05.665  INFO 16488 --- [restartedMain] o.hibernate.jpa.internal.util.LogHelper  : HHH000204: Processing PersistenceUnitInfo [name: default]
2023-02-06 12:25:05.717  INFO 16488 --- [restartedMain] org.hibernate.Version                    : HHH000412: Hibernate ORM core version 5.6.14.Final
2023-02-06 12:25:05.840  INFO 16488 --- [restartedMain] o.hibernate.annotations.common.Version   : HCANN000001: Hibernate Commons Annotations {5.1.2.Final}
2023-02-06 12:25:05.920  INFO 16488 --- [restartedMain] com.zaxxer.hikari.HikariDataSource       : HikariPool-1 - Starting...
2023-02-06 12:25:06.136  INFO 16488 --- [restartedMain] com.zaxxer.hikari.HikariDataSource       : HikariPool-1 - Start completed.
2023-02-06 12:25:06.148  INFO 16488 --- [restartedMain] org.hibernate.dialect.Dialect            : HHH000400: Using dialect: org.hibernate.dialect.PostgreSQLDialect
2023-02-06 12:25:06.670  INFO 16488 --- [restartedMain] o.h.e.t.j.p.i.JtaPlatformInitiator       : HHH000490: Using JtaPlatform implementation: [org.hibernate.engine.transaction.jta.platform.internal.NoJtaPlatform]
2023-02-06 12:25:07.103  WARN 16488 --- [restartedMain] JpaBaseConfiguration$JpaWebConfiguration : spring.jpa.open-in-view is enabled by default. Therefore, database queries may be performed during view rendering. Explicitly configure spring.jpa.open-in-view to disable this warning
2023-02-06 12:25:07.519  INFO 16488 --- [restartedMain] c.c.o.OnlinePlantApp1Application         : Started OnlinePlantApp1Application in 3.8 seconds (JVM running for 4.297)
